<?xml version="1.0" encoding="UTF-8"?>
<!-- Generated by org.testng.reporters.JUnitReportReporter -->
<testsuite hostname="Hardik-Laptop" failures="0" tests="1" name="com.test.FirstTest" time="10.592" errors="0" timestamp="2023-01-23T01:56:58 EST" skipped="0">
  <testcase classname="com.test.FirstTest" name="TestFacebook" time="10.592"/>
  <system-out/>
</testsuite> <!-- com.test.FirstTest -->
