<?xml version="1.0" encoding="UTF-8"?>
<!-- Generated by org.testng.reporters.JUnitReportReporter -->
<testsuite hostname="Hardik-Laptop" failures="0" tests="2" name="com.test.FirstTest" time="27.550" errors="0" timestamp="2023-01-23T02:00:53 EST" skipped="0">
  <testcase classname="com.test.FirstTest" name="TestGoogle" time="14.274"/>
  <system-out/>
  <testcase classname="com.test.FirstTest" name="TestFacebook" time="13.276"/>
  <system-out/>
</testsuite> <!-- com.test.FirstTest -->
